{
  "RSpec": {
    "coverage": {
      "/Users/katy/Desktop/Makers_Academy/Week_10/bank_tech_test/spec/bank_account_spec.rb": {
        "lines": [
          null,
          null,
          1,
          null,
          1,
          1,
          1,
          null,
          1,
          5,
          null,
          null,
          1,
          2,
          2,
          null,
          1,
          1,
          null,
          null,
          1,
          null,
          1,
          null,
          null,
          null,
          1,
          1,
          1,
          1,
          null,
          null,
          1,
          1,
          1,
          1,
          null,
          null,
          null,
          1,
          1,
          1,
          0,
          0,
          null,
          null,
          null,
          null
        ]
      },
      "/Users/katy/Desktop/Makers_Academy/Week_10/bank_tech_test/lib/bank_account.rb": {
        "lines": [
          null,
          1,
          null,
          1,
          1,
          null,
          1,
          1,
          1,
          null,
          null,
          null,
          null,
          null,
          1,
          1,
          1,
          5,
          5,
          null,
          null,
          1,
          0,
          null,
          null,
          null
        ]
      },
      "/Users/katy/Desktop/Makers_Academy/Week_10/bank_tech_test/lib/transactions.rb": {
        "lines": [
          1,
          null,
          1,
          1,
          null,
          1,
          10,
          10,
          null,
          null,
          1,
          null,
          null,
          null
        ]
      },
      "/Users/katy/Desktop/Makers_Academy/Week_10/bank_tech_test/spec/transactions_spec.rb": {
        "lines": [
          null,
          1,
          null,
          1,
          null,
          1,
          6,
          null,
          1,
          1,
          1,
          null,
          null,
          1,
          9,
          9,
          null,
          null,
          1,
          8,
          8,
          null,
          null,
          1,
          3,
          3,
          null,
          null,
          null,
          null
        ]
      },
      "/Users/katy/Desktop/Makers_Academy/Week_10/bank_tech_test/lib/statement.rb": {
        "lines": [
          1,
          1,
          0,
          null,
          1,
          1,
          null,
          1,
          11,
          null,
          null,
          1,
          4,
          4,
          null,
          null,
          null
        ]
      },
      "/Users/katy/Desktop/Makers_Academy/Week_10/bank_tech_test/spec/statement_spec.rb": {
        "lines": [
          1,
          null,
          1,
          null,
          1,
          1,
          1,
          null,
          null,
          null,
          1,
          1,
          1,
          null,
          null,
          null,
          null,
          null
        ]
      }
    },

    "timestamp": 1615387276

  }
}
